<?xml version="1.0" encoding="UTF-8"?>
<testng-results ignored="0" total="2" passed="1" failed="1" skipped="0">
  <reporter-output>
    <line>
      <![CDATA[The browser is open now. ]]>
    </line>
    <line>
      <![CDATA[Username is populated to field. ]]>
    </line>
    <line>
      <![CDATA[Password is populated to field. ]]>
    </line>
    <line>
      <![CDATA[Log in is submitted! ]]>
    </line>
    <line>
      <![CDATA[Output text to console log. ]]>
    </line>
  </reporter-output>
  <suite started-at="2019-08-09T20:39:53Z" name="All Test Suite" finished-at="2019-08-09T20:39:56Z" duration-ms="2842">
    <groups>
    </groups>
    <test started-at="2019-08-09T20:39:53Z" name="TestNg Listener Demo" finished-at="2019-08-09T20:39:56Z" duration-ms="2842">
      <class name="Listener_Demo.TestCases">
        <test-method signature="login()[pri:0, instance:Listener_Demo.TestCases@b4711e2]" started-at="2019-08-09T20:39:53Z" name="login" finished-at="2019-08-09T20:39:56Z" duration-ms="2813" status="PASS">
          <reporter-output>
            <line>
              <![CDATA[The browser is open now. ]]>
            </line>
            <line>
              <![CDATA[Username is populated to field. ]]>
            </line>
            <line>
              <![CDATA[Password is populated to field. ]]>
            </line>
            <line>
              <![CDATA[Log in is submitted! ]]>
            </line>
          </reporter-output>
        </test-method> <!-- login -->
        <test-method signature="testToFail()[pri:0, instance:Listener_Demo.TestCases@b4711e2]" started-at="2019-08-09T20:39:56Z" name="testToFail" finished-at="2019-08-09T20:39:56Z" duration-ms="2" status="FAIL">
          <exception class="java.lang.AssertionError">
            <message>
              <![CDATA[null]]>
            </message>
            <full-stacktrace>
              <![CDATA[java.lang.AssertionError: null
at org.testng.Assert.fail(Assert.java:96)
at org.testng.Assert.fail(Assert.java:103)
at Listener_Demo.TestCases.testToFail(TestCases.java:40)
at java.base/jdk.internal.reflect.NativeMethodAccessorImpl.invoke0(Native Method)
at java.base/jdk.internal.reflect.NativeMethodAccessorImpl.invoke(NativeMethodAccessorImpl.java:62)
at java.base/jdk.internal.reflect.DelegatingMethodAccessorImpl.invoke(DelegatingMethodAccessorImpl.java:43)
at java.base/java.lang.reflect.Method.invoke(Method.java:566)
at org.testng.internal.MethodInvocationHelper.invokeMethod(MethodInvocationHelper.java:124)
at org.testng.internal.Invoker.invokeMethod(Invoker.java:583)
at org.testng.internal.Invoker.invokeTestMethod(Invoker.java:719)
at org.testng.internal.Invoker.invokeTestMethods(Invoker.java:989)
at org.testng.internal.TestMethodWorker.invokeTestMethods(TestMethodWorker.java:125)
at org.testng.internal.TestMethodWorker.run(TestMethodWorker.java:109)
at org.testng.TestRunner.privateRun(TestRunner.java:648)
at org.testng.TestRunner.run(TestRunner.java:505)
at org.testng.SuiteRunner.runTest(SuiteRunner.java:455)
at org.testng.SuiteRunner.runSequentially(SuiteRunner.java:450)
at org.testng.SuiteRunner.privateRun(SuiteRunner.java:415)
at org.testng.SuiteRunner.run(SuiteRunner.java:364)
at org.testng.SuiteRunnerWorker.runSuite(SuiteRunnerWorker.java:52)
at org.testng.SuiteRunnerWorker.run(SuiteRunnerWorker.java:84)
at org.testng.TestNG.runSuitesSequentially(TestNG.java:1208)
at org.testng.TestNG.runSuitesLocally(TestNG.java:1137)
at org.testng.TestNG.runSuites(TestNG.java:1049)
at org.testng.TestNG.run(TestNG.java:1017)
at org.testng.IDEARemoteTestNG.run(IDEARemoteTestNG.java:73)
at org.testng.RemoteTestNGStarter.main(RemoteTestNGStarter.java:123)
]]>
            </full-stacktrace>
          </exception> <!-- java.lang.AssertionError -->
          <reporter-output>
            <line>
              <![CDATA[Output text to console log. ]]>
            </line>
          </reporter-output>
        </test-method> <!-- testToFail -->
      </class> <!-- Listener_Demo.TestCases -->
    </test> <!-- TestNg Listener Demo -->
  </suite> <!-- All Test Suite -->
</testng-results>
